<?xml version="1.0" encoding="utf-8"?><testsuites name="pytest tests"><testsuite name="pytest" errors="0" failures="0" skipped="0" tests="11" time="1.899" timestamp="2026-05-02T10:15:58.009374+00:00" hostname="agent-env-d347a7de-2171-4a68-a05f-07cdaa9cfd2e"><testcase classname="backend.tests.test_iteration3.TestSmartLimitCache" name="test_response_shape_with_cache_field" time="0.545" /><testcase classname="backend.tests.test_iteration3.TestSmartLimitCache" name="test_prewarm_warms_cache_on_demo_user" time="0.047" /><testcase classname="backend.tests.test_iteration3.TestSmartLimitCache" name="test_subsequent_call_is_hit_with_same_payload" time="0.091" /><testcase classname="backend.tests.test_iteration3.TestSmartLimitInvalidation" name="test_add_expense_invalidates" time="0.329" /><testcase classname="backend.tests.test_iteration3.TestSmartLimitInvalidation" name="test_delete_expense_invalidates" time="0.276" /><testcase classname="backend.tests.test_iteration3.TestSmartLimitInvalidation" name="test_settle_invalidates" time="0.292" /><testcase classname="backend.tests.test_iteration3.TestRegression" name="test_auth_me" time="0.045" /><testcase classname="backend.tests.test_iteration3.TestRegression" name="test_trips_list" time="0.045" /><testcase classname="backend.tests.test_iteration3.TestRegression" name="test_insights" time="0.048" /><testcase classname="backend.tests.test_iteration3.TestRegression" name="test_reminders_list" time="0.046" /><testcase classname="backend.tests.test_iteration3.TestRegression" name="test_invite_endpoint" time="0.089" /></testsuite></testsuites>