<?xml version="1.0" encoding="utf-8"?><testsuites name="pytest tests"><testsuite name="pytest" errors="0" failures="0" skipped="0" tests="10" time="4.242" timestamp="2026-05-02T07:25:10.590672+00:00" hostname="agent-env-d347a7de-2171-4a68-a05f-07cdaa9cfd2e"><testcase classname="backend.tests.test_iteration2.TestSmartLimit" name="test_smart_limit_shape" time="0.443" /><testcase classname="backend.tests.test_iteration2.TestSmartLimit" name="test_smart_limit_requires_auth" time="0.046" /><testcase classname="backend.tests.test_iteration2.TestReminders" name="test_list_demo_reminders" time="0.051" /><testcase classname="backend.tests.test_iteration2.TestReminders" name="test_create_complete_delete_flow" time="0.285" /><testcase classname="backend.tests.test_iteration2.TestReminders" name="test_complete_unknown_404" time="0.048" /><testcase classname="backend.tests.test_iteration2.TestReminders" name="test_reminders_require_auth" time="0.052" /><testcase classname="backend.tests.test_iteration2.TestScanBill" name="test_empty_image_rejected" time="0.045" /><testcase classname="backend.tests.test_iteration2.TestScanBill" name="test_short_image_rejected" time="0.052" /><testcase classname="backend.tests.test_iteration2.TestScanBill" name="test_scan_bill_requires_auth" time="0.048" /><testcase classname="backend.tests.test_iteration2.TestScanBill" name="test_real_receipt_ocr" time="3.156" /></testsuite></testsuites>