<?xml version="1.0" encoding="utf-8"?><testsuites name="pytest tests"><testsuite name="pytest" errors="0" failures="0" skipped="0" tests="6" time="1.390" timestamp="2026-05-02T14:34:26.745861+00:00" hostname="agent-env-d347a7de-2171-4a68-a05f-07cdaa9cfd2e"><testcase classname="backend.tests.test_iteration5.TestSettleHomeCategory" name="test_settle_on_home_trip_works" time="0.608" /><testcase classname="backend.tests.test_iteration5.TestRecurringBackdated" name="test_recurring_suggestion_triggered_for_old_duplicate" time="0.170" /><testcase classname="backend.tests.test_iteration5.TestDeleteExpense" name="test_delete_expense_flow" time="0.254" /><testcase classname="backend.tests.test_iteration5.TestDeleteReminder" name="test_delete_reminder" time="0.156" /><testcase classname="backend.tests.test_iteration5.TestAuthMeInvalidToken" name="test_me_rejects_invalid_bearer" time="0.067" /><testcase classname="backend.tests.test_iteration5.TestAuthMeInvalidToken" name="test_me_rejects_missing_bearer" time="0.045" /></testsuite></testsuites>