<?xml version="1.0" encoding="utf-8"?><testsuites name="pytest tests"><testsuite name="pytest" errors="0" failures="0" skipped="0" tests="10" time="6.707" timestamp="2026-05-02T13:39:38.505718+00:00" hostname="agent-env-d347a7de-2171-4a68-a05f-07cdaa9cfd2e"><testcase classname="backend.tests.test_iteration4.TestAIOverview" name="test_goa_trip_overview" time="4.214" /><testcase classname="backend.tests.test_iteration4.TestAIOverview" name="test_overview_cached_second_call" time="0.150" /><testcase classname="backend.tests.test_iteration4.TestAIOverview" name="test_friends_personality" time="0.101" /><testcase classname="backend.tests.test_iteration4.TestParseUPI" name="test_parse_swiggy" time="0.584" /><testcase classname="backend.tests.test_iteration4.TestParseUPI" name="test_parse_short_text_400" time="0.095" /><testcase classname="backend.tests.test_iteration4.TestCurrencyChange" name="test_inr_to_usd_and_back" time="0.205" /><testcase classname="backend.tests.test_iteration4.TestMemberDelete" name="test_member_non_owner_can_delete" time="0.954" /><testcase classname="backend.tests.test_iteration4.TestRecurringSuggestion" name="test_home_recurring_suggestion_on_add_expense" time="0.205" /><testcase classname="backend.tests.test_iteration4.TestSmartLimitAiSource" name="test_payload_has_ai_source" time="0.054" /><testcase classname="backend.tests.test_iteration4.TestSmartLimitAiSource" name="test_repeated_call_cache_hit" time="0.100" /></testsuite></testsuites>