<?xml version="1.0" encoding="utf-8"?><testsuites name="pytest tests"><testsuite name="pytest" errors="0" failures="0" skipped="0" tests="38" time="12.115" timestamp="2026-05-02T10:16:03.475370+00:00" hostname="agent-env-d347a7de-2171-4a68-a05f-07cdaa9cfd2e"><testcase classname="backend.tests.test_iteration2.TestSmartLimit" name="test_smart_limit_shape" time="0.450" /><testcase classname="backend.tests.test_iteration2.TestSmartLimit" name="test_smart_limit_requires_auth" time="0.054" /><testcase classname="backend.tests.test_iteration2.TestReminders" name="test_list_demo_reminders" time="0.051" /><testcase classname="backend.tests.test_iteration2.TestReminders" name="test_create_complete_delete_flow" time="0.305" /><testcase classname="backend.tests.test_iteration2.TestReminders" name="test_complete_unknown_404" time="0.054" /><testcase classname="backend.tests.test_iteration2.TestReminders" name="test_reminders_require_auth" time="0.049" /><testcase classname="backend.tests.test_iteration2.TestScanBill" name="test_empty_image_rejected" time="0.050" /><testcase classname="backend.tests.test_iteration2.TestScanBill" name="test_short_image_rejected" time="0.054" /><testcase classname="backend.tests.test_iteration2.TestScanBill" name="test_scan_bill_requires_auth" time="0.051" /><testcase classname="backend.tests.test_iteration2.TestScanBill" name="test_real_receipt_ocr" time="5.414" /><testcase classname="backend.tests.test_iteration3.TestSmartLimitCache" name="test_response_shape_with_cache_field" time="0.069" /><testcase classname="backend.tests.test_iteration3.TestSmartLimitCache" name="test_prewarm_warms_cache_on_demo_user" time="0.054" /><testcase classname="backend.tests.test_iteration3.TestSmartLimitCache" name="test_subsequent_call_is_hit_with_same_payload" time="0.111" /><testcase classname="backend.tests.test_iteration3.TestSmartLimitInvalidation" name="test_add_expense_invalidates" time="0.456" /><testcase classname="backend.tests.test_iteration3.TestSmartLimitInvalidation" name="test_delete_expense_invalidates" time="0.401" /><testcase classname="backend.tests.test_iteration3.TestSmartLimitInvalidation" name="test_settle_invalidates" time="0.350" /><testcase classname="backend.tests.test_iteration3.TestRegression" name="test_auth_me" time="0.057" /><testcase classname="backend.tests.test_iteration3.TestRegression" name="test_trips_list" time="0.059" /><testcase classname="backend.tests.test_iteration3.TestRegression" name="test_insights" time="0.073" /><testcase classname="backend.tests.test_iteration3.TestRegression" name="test_reminders_list" time="0.057" /><testcase classname="backend.tests.test_iteration3.TestRegression" name="test_invite_endpoint" time="0.116" /><testcase classname="backend.tests.test_merizo_api.TestAuth" name="test_login_demo" time="0.276" /><testcase classname="backend.tests.test_merizo_api.TestAuth" name="test_login_invalid" time="0.294" /><testcase classname="backend.tests.test_merizo_api.TestAuth" name="test_register_and_me" time="0.396" /><testcase classname="backend.tests.test_merizo_api.TestAuth" name="test_me_no_token" time="0.067" /><testcase classname="backend.tests.test_merizo_api.TestTrips" name="test_list_trips_has_demo" time="0.052" /><testcase classname="backend.tests.test_merizo_api.TestTrips" name="test_get_trip_detail" time="0.109" /><testcase classname="backend.tests.test_merizo_api.TestTrips" name="test_create_delete_trip" time="0.267" /><testcase classname="backend.tests.test_merizo_api.TestTrips" name="test_delete_non_owner" time="0.450" /><testcase classname="backend.tests.test_merizo_api.TestExpenses" name="test_add_expense_with_fx_conversion" time="0.272" /><testcase classname="backend.tests.test_merizo_api.TestMembers" name="test_add_member_as_owner" time="0.202" /><testcase classname="backend.tests.test_merizo_api.TestSettle" name="test_settle_and_get_settlement" time="0.248" /><testcase classname="backend.tests.test_merizo_api.TestInsights" name="test_insights[all]" time="0.057" /><testcase classname="backend.tests.test_merizo_api.TestInsights" name="test_insights[week]" time="0.059" /><testcase classname="backend.tests.test_merizo_api.TestInsights" name="test_insights[month]" time="0.054" /><testcase classname="backend.tests.test_merizo_api.TestInvite" name="test_invite_flow" time="0.814" /><testcase classname="backend.tests.test_merizo_api.TestFX" name="test_fx_rate_usd_inr" time="0.055" /><testcase classname="backend.tests.test_merizo_api.TestFX" name="test_fx_same_currency" time="0.063" /></testsuite></testsuites>