<?xml version="1.0" encoding="utf-8"?><testsuites name="pytest tests"><testsuite name="pytest" errors="0" failures="0" skipped="1" tests="17" time="4.393" timestamp="2026-05-02T07:04:56.754403+00:00" hostname="agent-env-d347a7de-2171-4a68-a05f-07cdaa9cfd2e"><testcase classname="backend.tests.test_merizo_api.TestAuth" name="test_login_demo" time="1.273" /><testcase classname="backend.tests.test_merizo_api.TestAuth" name="test_login_invalid" time="0.268" /><testcase classname="backend.tests.test_merizo_api.TestAuth" name="test_register_and_me" time="0.361" /><testcase classname="backend.tests.test_merizo_api.TestAuth" name="test_me_no_token" time="0.043" /><testcase classname="backend.tests.test_merizo_api.TestTrips" name="test_list_trips_has_demo" time="0.315" /><testcase classname="backend.tests.test_merizo_api.TestTrips" name="test_get_trip_detail" time="0.091" /><testcase classname="backend.tests.test_merizo_api.TestTrips" name="test_create_delete_trip" time="0.225" /><testcase classname="backend.tests.test_merizo_api.TestTrips" name="test_delete_non_owner" time="0.460" /><testcase classname="backend.tests.test_merizo_api.TestExpenses" name="test_add_expense_with_fx_conversion" time="0.138" /><testcase classname="backend.tests.test_merizo_api.TestMembers" name="test_add_member_as_owner" time="0.175" /><testcase classname="backend.tests.test_merizo_api.TestSettle" name="test_settle_and_get_settlement" time="0.046"><skipped type="pytest.skip" message="No pending settlements">/app/backend/tests/test_merizo_api.py:148: No pending settlements</skipped></testcase><testcase classname="backend.tests.test_merizo_api.TestInsights" name="test_insights[all]" time="0.044" /><testcase classname="backend.tests.test_merizo_api.TestInsights" name="test_insights[week]" time="0.045" /><testcase classname="backend.tests.test_merizo_api.TestInsights" name="test_insights[month]" time="0.044" /><testcase classname="backend.tests.test_merizo_api.TestInvite" name="test_invite_flow" time="0.707" /><testcase classname="backend.tests.test_merizo_api.TestFX" name="test_fx_rate_usd_inr" time="0.054" /><testcase classname="backend.tests.test_merizo_api.TestFX" name="test_fx_same_currency" time="0.052" /></testsuite></testsuites>